<?xml version="1.0" encoding="UTF-8"?>
<robot generator="Robot 3.1.2 (Python 3.7.0 on win32)" generated="20230707 11:15:28.707" rpa="false">
<suite id="s1" name="TC1" source="C:\Users\slaishet\PycharmProjects\Practise\Python_Selenium_Robot\TestCases\TC1.robot">
<test id="s1-t1" name="LoginTest">
<kw name="Open Browser" library="SeleniumLibrary">
<doc>Opens a new browser instance to the given ``url``.</doc>
<arguments>
<arg>https://demo.nopcommerce.com/</arg>
<arg>chrome</arg>
</arguments>
<msg timestamp="20230707 11:15:28.849" level="INFO">Opening browser 'chrome' to base url 'https://demo.nopcommerce.com/'.</msg>
<kw name="Capture Page Screenshot" library="SeleniumLibrary">
<doc>Takes screenshot of the current page and embeds it into log file.</doc>
<msg timestamp="20230707 11:15:32.304" level="INFO">Cannot capture screenshot because no browser is open.</msg>
<status status="PASS" starttime="20230707 11:15:32.303" endtime="20230707 11:15:32.304"></status>
</kw>
<msg timestamp="20230707 11:15:32.316" level="FAIL">WebDriverException: Message: unknown error: Chrome failed to start: exited normally.
  (unknown error: DevToolsActivePort file doesn't exist)
  (The process started from chrome location C:\Program Files\Google\Chrome\Application\chrome.exe is no longer running, so ChromeDriver is assuming that Chrome has crashed.)
</msg>
<status status="FAIL" starttime="20230707 11:15:28.849" endtime="20230707 11:15:32.316"></status>
</kw>
<status status="FAIL" starttime="20230707 11:15:28.849" endtime="20230707 11:15:32.317" critical="yes">WebDriverException: Message: unknown error: Chrome failed to start: exited normally.
  (unknown error: DevToolsActivePort file doesn't exist)
  (The process started from chrome location C:\Program Files\Google\Chrome\Application\chrome.exe is no longer running, so ChromeDriver is assuming that Chrome has crashed.)
</status>
</test>
<status status="FAIL" starttime="20230707 11:15:28.708" endtime="20230707 11:15:32.319"></status>
</suite>
<statistics>
<total>
<stat pass="0" fail="1">Critical Tests</stat>
<stat pass="0" fail="1">All Tests</stat>
</total>
<tag>
</tag>
<suite>
<stat pass="0" fail="1" id="s1" name="TC1">TC1</stat>
</suite>
</statistics>
<errors>
</errors>
</robot>
